c:\users\graphics\desktop\sourcetree\hdr-auto\hdr auto\release\qrc_hdrauto.obj
c:\users\graphics\desktop\sourcetree\hdr-auto\hdr auto\release\main.obj
c:\users\graphics\desktop\sourcetree\hdr-auto\hdr auto\release\hdrauto.obj
c:\users\graphics\desktop\sourcetree\hdr-auto\hdr auto\release\moc_hdrauto.obj
c:\users\graphics\desktop\sourcetree\hdr-auto\hdr auto\generatedfiles\release\moc_hdrauto.cpp
c:\users\graphics\desktop\sourcetree\hdr-auto\hdr auto\generatedfiles\ui_hdrauto.h
c:\users\graphics\desktop\sourcetree\hdr-auto\hdr auto\generatedfiles\qrc_hdrauto.cpp
c:\users\graphics\desktop\sourcetree\hdr-auto\hdr auto\release\hdr auto.tlog\cl.command.1.tlog
c:\users\graphics\desktop\sourcetree\hdr-auto\hdr auto\release\hdr auto.tlog\cl.read.1.tlog
c:\users\graphics\desktop\sourcetree\hdr-auto\hdr auto\release\hdr auto.tlog\cl.write.1.tlog
c:\users\graphics\desktop\sourcetree\hdr-auto\hdr auto\release\hdr auto.tlog\custombuild.command.1.tlog
c:\users\graphics\desktop\sourcetree\hdr-auto\hdr auto\release\hdr auto.tlog\custombuild.read.1.tlog
c:\users\graphics\desktop\sourcetree\hdr-auto\hdr auto\release\hdr auto.tlog\custombuild.write.1.tlog
c:\users\graphics\desktop\sourcetree\hdr-auto\hdr auto\release\hdr auto.tlog\link.6220.read.1.tlog
c:\users\graphics\desktop\sourcetree\hdr-auto\hdr auto\release\hdr auto.tlog\link.6220.write.1.tlog
c:\users\graphics\desktop\sourcetree\hdr-auto\hdr auto\release\hdr auto.tlog\link.8168.read.1.tlog
c:\users\graphics\desktop\sourcetree\hdr-auto\hdr auto\release\hdr auto.tlog\link.8168.write.1.tlog
c:\users\graphics\desktop\sourcetree\hdr-auto\hdr auto\release\hdr auto.tlog\link.9420.read.1.tlog
c:\users\graphics\desktop\sourcetree\hdr-auto\hdr auto\release\hdr auto.tlog\link.9420.write.1.tlog
c:\users\graphics\desktop\sourcetree\hdr-auto\hdr auto\release\hdr auto.tlog\link.9984.read.1.tlog
c:\users\graphics\desktop\sourcetree\hdr-auto\hdr auto\release\hdr auto.tlog\link.9984.write.1.tlog
c:\users\graphics\desktop\sourcetree\hdr-auto\hdr auto\release\hdr auto.tlog\link.command.1.tlog
c:\users\graphics\desktop\sourcetree\hdr-auto\hdr auto\release\hdr auto.tlog\link.read.1.tlog
c:\users\graphics\desktop\sourcetree\hdr-auto\hdr auto\release\hdr auto.tlog\link.write.1.tlog
